This file contains any messages produced by compilers while
running configure, to aid debugging if configure makes a mistake.

It was created by softsusy configure 4.1.8, which was
generated by GNU Autoconf 2.69.  Invocation command line was

  $ ./configure F77=gfortran

## --------- ##
## Platform. ##
## --------- ##

hostname = Elliots-Mini
uname -m = x86_64
uname -r = 18.7.0
uname -s = Darwin
uname -v = Darwin Kernel Version 18.7.0: Thu Jun 20 18:42:21 PDT 2019; root:xnu-4903.270.47~4/RELEASE_X86_64

/usr/bin/uname -p = i386
/bin/uname -X     = unknown

/bin/arch              = unknown
/usr/bin/arch -k       = unknown
/usr/convex/getsysinfo = unknown
/usr/bin/hostinfo      = Mach kernel version:
	 Darwin Kernel Version 18.7.0: Thu Jun 20 18:42:21 PDT 2019; root:xnu-4903.270.47~4/RELEASE_X86_64
Kernel configured for up to 6 processors.
6 processors are physically available.
6 processors are logically available.
Processor type: x86_64h (Intel x86-64h Haswell)
Processors active: 0 1 2 3 4 5
Primary memory available: 8.00 gigabytes
Default processor set: 317 tasks, 1169 threads, 6 processors
Load average: 2.36, Mach factor: 3.63
/bin/machine           = unknown
/usr/bin/oslevel       = unknown
/bin/universe          = unknown

PATH: /usr/local/bin
PATH: /usr/bin
PATH: /bin
PATH: /usr/sbin
PATH: /sbin


## ----------- ##
## Core tests. ##
## ----------- ##

configure:2540: checking for a BSD-compatible install
configure:2608: result: /usr/bin/install -c
configure:2619: checking whether build environment is sane
configure:2674: result: yes
configure:2825: checking for a thread-safe mkdir -p
configure:2864: result: Config/install-sh -c -d
configure:2871: checking for gawk
configure:2901: result: no
configure:2871: checking for mawk
configure:2901: result: no
configure:2871: checking for nawk
configure:2901: result: no
configure:2871: checking for awk
configure:2887: found /usr/bin/awk
configure:2898: result: awk
configure:2909: checking whether make sets $(MAKE)
configure:2931: result: yes
configure:2960: checking whether make supports nested variables
configure:2977: result: yes
configure:3161: checking for g++
configure:3177: found /usr/bin/g++
configure:3188: result: g++
configure:3215: checking for C++ compiler version
configure:3224: g++ --version >&5
Apple LLVM version 10.0.1 (clang-1001.0.46.4)
Target: x86_64-apple-darwin18.7.0
Thread model: posix
InstalledDir: /Library/Developer/CommandLineTools/usr/bin
Configured with: --prefix=/Library/Developer/CommandLineTools/usr --with-gxx-include-dir=/Library/Developer/CommandLineTools/SDKs/MacOSX10.14.sdk/usr/include/c++/4.2.1
configure:3235: $? = 0
configure:3224: g++ -v >&5
Configured with: --prefix=/Library/Developer/CommandLineTools/usr --with-gxx-include-dir=/Library/Developer/CommandLineTools/SDKs/MacOSX10.14.sdk/usr/include/c++/4.2.1
Apple LLVM version 10.0.1 (clang-1001.0.46.4)
Target: x86_64-apple-darwin18.7.0
Thread model: posix
InstalledDir: /Library/Developer/CommandLineTools/usr/bin
configure:3235: $? = 0
configure:3224: g++ -V >&5
clang: error: unsupported option '-V -Wno-atomic-implicit-seq-cst'
clang: error: no input files
configure:3235: $? = 1
configure:3224: g++ -qversion >&5
clang: error: unknown argument '-qversion', did you mean '--version'?
clang: error: no input files
configure:3235: $? = 1
configure:3255: checking whether the C++ compiler works
configure:3277: g++ -O2 -std=c++14   conftest.cpp  >&5
configure:3281: $? = 0
configure:3329: result: yes
configure:3332: checking for C++ compiler default output file name
configure:3334: result: a.out
configure:3340: checking for suffix of executables
configure:3347: g++ -o conftest -O2 -std=c++14   conftest.cpp  >&5
configure:3351: $? = 0
configure:3373: result: 
configure:3395: checking whether we are cross compiling
configure:3403: g++ -o conftest -O2 -std=c++14   conftest.cpp  >&5
configure:3407: $? = 0
configure:3414: ./conftest
configure:3418: $? = 0
configure:3433: result: no
configure:3438: checking for suffix of object files
configure:3460: g++ -c -O2 -std=c++14  conftest.cpp >&5
configure:3464: $? = 0
configure:3485: result: o
configure:3489: checking whether we are using the GNU C++ compiler
configure:3508: g++ -c -O2 -std=c++14  conftest.cpp >&5
configure:3508: $? = 0
configure:3517: result: yes
configure:3526: checking whether g++ accepts -g
configure:3546: g++ -c -g  conftest.cpp >&5
configure:3546: $? = 0
configure:3587: result: yes
configure:3621: checking for style of include used by make
configure:3649: result: GNU
configure:3675: checking dependency style of g++
configure:3786: result: gcc3
configure:3850: checking for gcc
configure:3866: found /usr/bin/gcc
configure:3877: result: gcc
configure:4106: checking for C compiler version
configure:4115: gcc --version >&5
Apple LLVM version 10.0.1 (clang-1001.0.46.4)
Target: x86_64-apple-darwin18.7.0
Thread model: posix
InstalledDir: /Library/Developer/CommandLineTools/usr/bin
Configured with: --prefix=/Library/Developer/CommandLineTools/usr --with-gxx-include-dir=/Library/Developer/CommandLineTools/SDKs/MacOSX10.14.sdk/usr/include/c++/4.2.1
configure:4126: $? = 0
configure:4115: gcc -v >&5
Configured with: --prefix=/Library/Developer/CommandLineTools/usr --with-gxx-include-dir=/Library/Developer/CommandLineTools/SDKs/MacOSX10.14.sdk/usr/include/c++/4.2.1
Apple LLVM version 10.0.1 (clang-1001.0.46.4)
Target: x86_64-apple-darwin18.7.0
Thread model: posix
InstalledDir: /Library/Developer/CommandLineTools/usr/bin
configure:4126: $? = 0
configure:4115: gcc -V >&5
clang: error: unsupported option '-V -Wno-atomic-implicit-seq-cst'
clang: error: no input files
configure:4126: $? = 1
configure:4115: gcc -qversion >&5
clang: error: unknown argument '-qversion', did you mean '--version'?
clang: error: no input files
configure:4126: $? = 1
configure:4130: checking whether we are using the GNU C compiler
configure:4149: gcc -c -O2  conftest.c >&5
configure:4149: $? = 0
configure:4158: result: yes
configure:4167: checking whether gcc accepts -g
configure:4187: gcc -c -g  conftest.c >&5
configure:4187: $? = 0
configure:4228: result: yes
configure:4245: checking for gcc option to accept ISO C89
configure:4308: gcc  -c -O2  conftest.c >&5
configure:4308: $? = 0
configure:4321: result: none needed
configure:4346: checking whether gcc understands -c and -o together
configure:4368: gcc -c conftest.c -o conftest2.o
configure:4371: $? = 0
configure:4368: gcc -c conftest.c -o conftest2.o
configure:4371: $? = 0
configure:4383: result: yes
configure:4402: checking dependency style of gcc
configure:4513: result: gcc3
configure:4578: checking for ar
configure:4594: found /usr/bin/ar
configure:4605: result: ar
configure:4631: checking the archiver (ar) interface
configure:4647: gcc -c -O2  conftest.c >&5
configure:4647: $? = 0
configure:4649: ar cru libconftest.a conftest.o >&5
configure:4652: $? = 0
configure:4680: result: ar
configure:4753: checking for gcc
configure:4780: result: gcc
configure:5009: checking for C compiler version
configure:5018: gcc --version >&5
Apple LLVM version 10.0.1 (clang-1001.0.46.4)
Target: x86_64-apple-darwin18.7.0
Thread model: posix
InstalledDir: /Library/Developer/CommandLineTools/usr/bin
Configured with: --prefix=/Library/Developer/CommandLineTools/usr --with-gxx-include-dir=/Library/Developer/CommandLineTools/SDKs/MacOSX10.14.sdk/usr/include/c++/4.2.1
configure:5029: $? = 0
configure:5018: gcc -v >&5
Configured with: --prefix=/Library/Developer/CommandLineTools/usr --with-gxx-include-dir=/Library/Developer/CommandLineTools/SDKs/MacOSX10.14.sdk/usr/include/c++/4.2.1
Apple LLVM version 10.0.1 (clang-1001.0.46.4)
Target: x86_64-apple-darwin18.7.0
Thread model: posix
InstalledDir: /Library/Developer/CommandLineTools/usr/bin
configure:5029: $? = 0
configure:5018: gcc -V >&5
clang: error: unsupported option '-V -Wno-atomic-implicit-seq-cst'
clang: error: no input files
configure:5029: $? = 1
configure:5018: gcc -qversion >&5
clang: error: unknown argument '-qversion', did you mean '--version'?
clang: error: no input files
configure:5029: $? = 1
configure:5033: checking whether we are using the GNU C compiler
configure:5061: result: yes
configure:5070: checking whether gcc accepts -g
configure:5131: result: yes
configure:5148: checking for gcc option to accept ISO C89
configure:5224: result: none needed
configure:5249: checking whether gcc understands -c and -o together
configure:5286: result: yes
configure:5305: checking dependency style of gcc
configure:5416: result: gcc3
configure:5444: checking whether make sets $(MAKE)
configure:5466: result: yes
configure:5583: checking for Fortran 77 compiler version
configure:5592: gfortran --version >&5
GNU Fortran (Homebrew GCC 9.2.0_3) 9.2.0
Copyright (C) 2019 Free Software Foundation, Inc.
This is free software; see the source for copying conditions.  There is NO
warranty; not even for MERCHANTABILITY or FITNESS FOR A PARTICULAR PURPOSE.

configure:5603: $? = 0
configure:5592: gfortran -v >&5
Using built-in specs.
COLLECT_GCC=gfortran
COLLECT_LTO_WRAPPER=/usr/local/Cellar/gcc/9.2.0_3/libexec/gcc/x86_64-apple-darwin18/9.2.0/lto-wrapper
Target: x86_64-apple-darwin18
Configured with: ../configure --build=x86_64-apple-darwin18 --prefix=/usr/local/Cellar/gcc/9.2.0_3 --libdir=/usr/local/Cellar/gcc/9.2.0_3/lib/gcc/9 --disable-nls --enable-checking=release --enable-languages=c,c++,objc,obj-c++,fortran --program-suffix=-9 --with-gmp=/usr/local/opt/gmp --with-mpfr=/usr/local/opt/mpfr --with-mpc=/usr/local/opt/libmpc --with-isl=/usr/local/opt/isl --with-system-zlib --with-pkgversion='Homebrew GCC 9.2.0_3' --with-bugurl=https://github.com/Homebrew/homebrew-core/issues --disable-multilib --with-native-system-header-dir=/usr/include --with-sysroot=/Library/Developer/CommandLineTools/SDKs/MacOSX10.14.sdk
Thread model: posix
gcc version 9.2.0 (Homebrew GCC 9.2.0_3) 
configure:5603: $? = 0
configure:5592: gfortran -V >&5
gfortran: error: unrecognized command line option '-V'
gfortran: fatal error: no input files
compilation terminated.
configure:5603: $? = 1
configure:5592: gfortran -qversion >&5
gfortran: error: unrecognized command line option '-qversion'; did you mean '--version'?
gfortran: fatal error: no input files
compilation terminated.
configure:5603: $? = 1
configure:5612: checking whether we are using the GNU Fortran 77 compiler
configure:5625: gfortran -c -O2 conftest.F >&5
configure:5625: $? = 0
configure:5634: result: yes
configure:5640: checking whether gfortran accepts -g
configure:5651: gfortran -c -g conftest.f >&5
configure:5651: $? = 0
configure:5659: result: yes
configure:5692: checking build system type
configure:5706: result: x86_64-apple-darwin18.7.0
configure:5726: checking host system type
configure:5739: result: x86_64-apple-darwin18.7.0
configure:5764: checking how to get verbose linking output from gfortran
configure:5774: gfortran -c -O2 conftest.f >&5
configure:5774: $? = 0
configure:5792: gfortran -o conftest -O2 -v conftest.f
Using built-in specs.
Target: x86_64-apple-darwin18
Thread model: posix
gcc version 9.2.0 (Homebrew GCC 9.2.0_3) 
 /usr/local/Cellar/gcc/9.2.0_3/libexec/gcc/x86_64-apple-darwin18/9.2.0/f951 conftest.f -ffixed-form -fPIC -quiet -dumpbase conftest.f -mmacosx-version-min=10.14.0 -mtune=core2 -auxbase conftest -O2 -version -fintrinsic-modules-path /usr/local/Cellar/gcc/9.2.0_3/lib/gcc/9/gcc/x86_64-apple-darwin18/9.2.0/finclude -o /var/folders/sj/cx3wfqms7cq9bvbqzkmklvv00000gn/T//ccmjxH6d.s
GNU Fortran (Homebrew GCC 9.2.0_3) version 9.2.0 (x86_64-apple-darwin18)
	compiled by GNU C version 9.2.0, GMP version 6.1.2, MPFR version 4.0.2, MPC version 1.1.0, isl version isl-0.22-GMP

GGC heuristics: --param ggc-min-expand=100 --param ggc-min-heapsize=131072
GNU Fortran2008 (Homebrew GCC 9.2.0_3) version 9.2.0 (x86_64-apple-darwin18)
	compiled by GNU C version 9.2.0, GMP version 6.1.2, MPFR version 4.0.2, MPC version 1.1.0, isl version isl-0.22-GMP

GGC heuristics: --param ggc-min-expand=100 --param ggc-min-heapsize=131072
 as -arch x86_64 -v -force_cpusubtype_ALL -mmacosx-version-min=10.14 -o /var/folders/sj/cx3wfqms7cq9bvbqzkmklvv00000gn/T//cc9lT489.o /var/folders/sj/cx3wfqms7cq9bvbqzkmklvv00000gn/T//ccmjxH6d.s
Apple LLVM version 10.0.1 (clang-1001.0.46.4)
Target: x86_64-apple-darwin18.7.0
Thread model: posix
InstalledDir: /Library/Developer/CommandLineTools/usr/bin
 "/Library/Developer/CommandLineTools/usr/bin/clang" -cc1as -triple x86_64-apple-macosx10.14.0 -filetype obj -main-file-name ccmjxH6d.s -target-cpu penryn -fdebug-compilation-dir /Users/elliotleonard/depot/softsusy_foo -dwarf-debug-producer Apple LLVM version 10.0.1 (clang-1001.0.46.4) -dwarf-version=4 -mrelocation-model pic -o /var/folders/sj/cx3wfqms7cq9bvbqzkmklvv00000gn/T//cc9lT489.o /var/folders/sj/cx3wfqms7cq9bvbqzkmklvv00000gn/T//ccmjxH6d.s
Reading specs from /usr/local/Cellar/gcc/9.2.0_3/lib/gcc/9/gcc/x86_64-apple-darwin18/9.2.0/../../../libgfortran.spec
rename spec lib to liborig
 /usr/local/Cellar/gcc/9.2.0_3/libexec/gcc/x86_64-apple-darwin18/9.2.0/collect2 -syslibroot /Library/Developer/CommandLineTools/SDKs/MacOSX10.14.sdk/ -dynamic -arch x86_64 -macosx_version_min 10.14.0 -weak_reference_mismatches non-weak -o conftest -L/usr/local/Cellar/gcc/9.2.0_3/lib/gcc/9/gcc/x86_64-apple-darwin18/9.2.0 -L/usr/local/Cellar/gcc/9.2.0_3/lib/gcc/9/gcc/x86_64-apple-darwin18/9.2.0/../../.. /var/folders/sj/cx3wfqms7cq9bvbqzkmklvv00000gn/T//cc9lT489.o -lgfortran -no_compact_unwind -lSystem -lgcc_ext.10.5 -lgcc -lquadmath -lm -lgcc_ext.10.5 -lgcc -lSystem -v
collect2 version 9.2.0
/usr/bin/ld -syslibroot /Library/Developer/CommandLineTools/SDKs/MacOSX10.14.sdk/ -dynamic -arch x86_64 -macosx_version_min 10.14.0 -weak_reference_mismatches non-weak -o conftest -L/usr/local/Cellar/gcc/9.2.0_3/lib/gcc/9/gcc/x86_64-apple-darwin18/9.2.0 -L/usr/local/Cellar/gcc/9.2.0_3/lib/gcc/9/gcc/x86_64-apple-darwin18/9.2.0/../../.. /var/folders/sj/cx3wfqms7cq9bvbqzkmklvv00000gn/T//cc9lT489.o -lgfortran -no_compact_unwind -lSystem -lgcc_ext.10.5 -lgcc -lquadmath -lm -lgcc_ext.10.5 -lgcc -lSystem -v
@(#)PROGRAM:ld  PROJECT:ld64-450.3
BUILD 18:16:53 Apr  5 2019
configured to support archs: armv6 armv7 armv7s arm64 arm64e arm64_32 i386 x86_64 x86_64h armv6m armv7k armv7m armv7em
Library search paths:
	/usr/local/Cellar/gcc/9.2.0_3/lib/gcc/9/gcc/x86_64-apple-darwin18/9.2.0
	/usr/local/Cellar/gcc/9.2.0_3/lib/gcc/9
	/Library/Developer/CommandLineTools/SDKs/MacOSX10.14.sdk/usr/lib
Framework search paths:
	/Library/Developer/CommandLineTools/SDKs/MacOSX10.14.sdk/System/Library/Frameworks/
configure:5875: result: -v
configure:5877: checking for Fortran 77 libraries of gfortran
configure:5900: gfortran -o conftest -O2 -v conftest.f
Using built-in specs.
Target: x86_64-apple-darwin18
Thread model: posix
gcc version 9.2.0 (Homebrew GCC 9.2.0_3) 
 /usr/local/Cellar/gcc/9.2.0_3/libexec/gcc/x86_64-apple-darwin18/9.2.0/f951 conftest.f -ffixed-form -fPIC -quiet -dumpbase conftest.f -mmacosx-version-min=10.14.0 -mtune=core2 -auxbase conftest -O2 -version -fintrinsic-modules-path /usr/local/Cellar/gcc/9.2.0_3/lib/gcc/9/gcc/x86_64-apple-darwin18/9.2.0/finclude -o /var/folders/sj/cx3wfqms7cq9bvbqzkmklvv00000gn/T//ccypvWDr.s
GNU Fortran (Homebrew GCC 9.2.0_3) version 9.2.0 (x86_64-apple-darwin18)
	compiled by GNU C version 9.2.0, GMP version 6.1.2, MPFR version 4.0.2, MPC version 1.1.0, isl version isl-0.22-GMP

GGC heuristics: --param ggc-min-expand=100 --param ggc-min-heapsize=131072
GNU Fortran2008 (Homebrew GCC 9.2.0_3) version 9.2.0 (x86_64-apple-darwin18)
	compiled by GNU C version 9.2.0, GMP version 6.1.2, MPFR version 4.0.2, MPC version 1.1.0, isl version isl-0.22-GMP

GGC heuristics: --param ggc-min-expand=100 --param ggc-min-heapsize=131072
 as -arch x86_64 -v -force_cpusubtype_ALL -mmacosx-version-min=10.14 -o /var/folders/sj/cx3wfqms7cq9bvbqzkmklvv00000gn/T//ccPDhU5w.o /var/folders/sj/cx3wfqms7cq9bvbqzkmklvv00000gn/T//ccypvWDr.s
Apple LLVM version 10.0.1 (clang-1001.0.46.4)
Target: x86_64-apple-darwin18.7.0
Thread model: posix
InstalledDir: /Library/Developer/CommandLineTools/usr/bin
 "/Library/Developer/CommandLineTools/usr/bin/clang" -cc1as -triple x86_64-apple-macosx10.14.0 -filetype obj -main-file-name ccypvWDr.s -target-cpu penryn -fdebug-compilation-dir /Users/elliotleonard/depot/softsusy_foo -dwarf-debug-producer Apple LLVM version 10.0.1 (clang-1001.0.46.4) -dwarf-version=4 -mrelocation-model pic -o /var/folders/sj/cx3wfqms7cq9bvbqzkmklvv00000gn/T//ccPDhU5w.o /var/folders/sj/cx3wfqms7cq9bvbqzkmklvv00000gn/T//ccypvWDr.s
Reading specs from /usr/local/Cellar/gcc/9.2.0_3/lib/gcc/9/gcc/x86_64-apple-darwin18/9.2.0/../../../libgfortran.spec
rename spec lib to liborig
 /usr/local/Cellar/gcc/9.2.0_3/libexec/gcc/x86_64-apple-darwin18/9.2.0/collect2 -syslibroot /Library/Developer/CommandLineTools/SDKs/MacOSX10.14.sdk/ -dynamic -arch x86_64 -macosx_version_min 10.14.0 -weak_reference_mismatches non-weak -o conftest -L/usr/local/Cellar/gcc/9.2.0_3/lib/gcc/9/gcc/x86_64-apple-darwin18/9.2.0 -L/usr/local/Cellar/gcc/9.2.0_3/lib/gcc/9/gcc/x86_64-apple-darwin18/9.2.0/../../.. /var/folders/sj/cx3wfqms7cq9bvbqzkmklvv00000gn/T//ccPDhU5w.o -lgfortran -no_compact_unwind -lSystem -lgcc_ext.10.5 -lgcc -lquadmath -lm -lgcc_ext.10.5 -lgcc -lSystem -v
collect2 version 9.2.0
/usr/bin/ld -syslibroot /Library/Developer/CommandLineTools/SDKs/MacOSX10.14.sdk/ -dynamic -arch x86_64 -macosx_version_min 10.14.0 -weak_reference_mismatches non-weak -o conftest -L/usr/local/Cellar/gcc/9.2.0_3/lib/gcc/9/gcc/x86_64-apple-darwin18/9.2.0 -L/usr/local/Cellar/gcc/9.2.0_3/lib/gcc/9/gcc/x86_64-apple-darwin18/9.2.0/../../.. /var/folders/sj/cx3wfqms7cq9bvbqzkmklvv00000gn/T//ccPDhU5w.o -lgfortran -no_compact_unwind -lSystem -lgcc_ext.10.5 -lgcc -lquadmath -lm -lgcc_ext.10.5 -lgcc -lSystem -v
@(#)PROGRAM:ld  PROJECT:ld64-450.3
BUILD 18:16:53 Apr  5 2019
configured to support archs: armv6 armv7 armv7s arm64 arm64e arm64_32 i386 x86_64 x86_64h armv6m armv7k armv7m armv7em
Library search paths:
	/usr/local/Cellar/gcc/9.2.0_3/lib/gcc/9/gcc/x86_64-apple-darwin18/9.2.0
	/usr/local/Cellar/gcc/9.2.0_3/lib/gcc/9
	/Library/Developer/CommandLineTools/SDKs/MacOSX10.14.sdk/usr/lib
Framework search paths:
	/Library/Developer/CommandLineTools/SDKs/MacOSX10.14.sdk/System/Library/Frameworks/
configure:6096: result:  -L/usr/local/Cellar/gcc/9.2.0_3/lib/gcc/9/gcc/x86_64-apple-darwin18/9.2.0 -L/usr/local/Cellar/gcc/9.2.0_3/lib/gcc/9/gcc/x86_64-apple-darwin18/9.2.0/../../.. -lgfortran -lquadmath -lm
configure:6156: checking how to print strings
configure:6183: result: printf
configure:6204: checking for a sed that does not truncate output
configure:6268: result: /usr/bin/sed
configure:6286: checking for grep that handles long lines and -e
configure:6344: result: /usr/bin/grep
configure:6349: checking for egrep
configure:6411: result: /usr/bin/grep -E
configure:6416: checking for fgrep
configure:6478: result: /usr/bin/grep -F
configure:6513: checking for ld used by gcc
configure:6580: result: /Library/Developer/CommandLineTools/usr/bin/ld
configure:6587: checking if the linker (/Library/Developer/CommandLineTools/usr/bin/ld) is GNU ld
configure:6602: result: no
configure:6614: checking for BSD- or MS-compatible name lister (nm)
configure:6668: result: /usr/bin/nm -B
configure:6798: checking the name lister (/usr/bin/nm -B) interface
configure:6805: g++ -c -O2 -std=c++14  conftest.cpp >&5
configure:6808: /usr/bin/nm -B "conftest.o"
configure:6811: output
0000000000000000 S _some_variable
configure:6818: result: BSD nm
configure:6821: checking whether ln -s works
configure:6825: result: yes
configure:6833: checking the maximum length of command line arguments
configure:6964: result: 196608
configure:7012: checking how to convert x86_64-apple-darwin18.7.0 file names to x86_64-apple-darwin18.7.0 format
configure:7052: result: func_convert_file_noop
configure:7059: checking how to convert x86_64-apple-darwin18.7.0 file names to toolchain format
configure:7079: result: func_convert_file_noop
configure:7086: checking for /Library/Developer/CommandLineTools/usr/bin/ld option to reload object files
configure:7093: result: -r
configure:7167: checking for objdump
configure:7183: found /usr/bin/objdump
configure:7194: result: objdump
configure:7226: checking how to recognize dependent libraries
configure:7426: result: pass_all
configure:7511: checking for dlltool
configure:7541: result: no
configure:7571: checking how to associate runtime and link libraries
configure:7598: result: printf %s\n
configure:7723: checking for archiver @FILE support
configure:7740: g++ -c -O2 -std=c++14  conftest.cpp >&5
configure:7740: $? = 0
configure:7743: ar cru libconftest.a @conftest.lst >&5
ar: @conftest.lst: No such file or directory
configure:7746: $? = 1
configure:7766: result: no
configure:7824: checking for strip
configure:7840: found /usr/bin/strip
configure:7851: result: strip
configure:7923: checking for ranlib
configure:7939: found /usr/bin/ranlib
configure:7950: result: ranlib
configure:8052: checking command to parse /usr/bin/nm -B output from gcc object
configure:8205: g++ -c -O2 -std=c++14  conftest.cpp >&5
configure:8208: $? = 0
configure:8212: /usr/bin/nm -B conftest.o \| sed -n -e 's/^.*[ ]\([BCDEGRST][BCDEGRST]*\)[ ][ ]*\([_A-Za-z][_A-Za-z0-9]*\)$/\1 \2 \2/p' | sed '/ __gnu_lto/d' \> conftest.nm
configure:8215: $? = 0
cannot find nm_test_var in conftest.nm
configure:8205: g++ -c -O2 -std=c++14  conftest.cpp >&5
configure:8208: $? = 0
configure:8212: /usr/bin/nm -B conftest.o \| sed -n -e 's/^.*[ ]\([BCDEGRST][BCDEGRST]*\)[ ][ ]*_\([_A-Za-z][_A-Za-z0-9]*\)$/\1 _\2 \2/p' | sed '/ __gnu_lto/d' \> conftest.nm
configure:8215: $? = 0
configure:8281: g++ -o conftest -O2 -std=c++14   conftest.cpp conftstm.o >&5
configure:8284: $? = 0
configure:8322: result: ok
configure:8369: checking for sysroot
configure:8399: result: no
configure:8406: checking for a working dd
configure:8444: result: /bin/dd
configure:8448: checking how to truncate binary pipes
configure:8463: result: /bin/dd bs=4096 count=1
configure:8792: checking for mt
configure:8822: result: no
configure:8842: checking if : is a manifest tool
configure:8848: : '-?'
configure:8856: result: no
configure:8912: checking for dsymutil
configure:8928: found /usr/bin/dsymutil
configure:8939: result: dsymutil
configure:9004: checking for nmedit
configure:9020: found /usr/bin/nmedit
configure:9031: result: nmedit
configure:9096: checking for lipo
configure:9112: found /usr/bin/lipo
configure:9123: result: lipo
configure:9188: checking for otool
configure:9204: found /usr/bin/otool
configure:9215: result: otool
configure:9280: checking for otool64
configure:9310: result: no
configure:9355: checking for -single_module linker flag
gcc -O0 -Wall  -o libconftest.dylib -dynamiclib -Wl,-single_module conftest.c
configure:9388: result: yes
configure:9391: checking for -exported_symbols_list linker flag
configure:9411: g++ -o conftest -O2 -std=c++14   -Wl,-exported_symbols_list,conftest.sym conftest.cpp  >&5
configure:9411: $? = 0
configure:9421: result: yes
configure:9424: checking for -force_load linker flag
gcc -O0 -Wall -c -o conftest.o conftest.c
ar cru libconftest.a conftest.o
ranlib libconftest.a
gcc -O0 -Wall  -o conftest conftest.c -Wl,-force_load,./libconftest.a
configure:9456: result: yes
configure:9533: checking how to run the C preprocessor
configure:9564: gcc -E  conftest.c
configure:9564: $? = 0
configure:9578: gcc -E  conftest.c
conftest.c:11:10: fatal error: 'ac_nonexistent.h' file not found
#include <ac_nonexistent.h>
         ^~~~~~~~~~~~~~~~~~
1 error generated.
configure:9578: $? = 1
configure: failed program was:
| /* confdefs.h */
| #define PACKAGE_NAME "softsusy"
| #define PACKAGE_TARNAME "softsusy"
| #define PACKAGE_VERSION "4.1.8"
| #define PACKAGE_STRING "softsusy 4.1.8"
| #define PACKAGE_BUGREPORT "B.C.Allanach@damtp.cam.ac.uk"
| #define PACKAGE_URL "http://softsusy.hepforge.org/"
| #define PACKAGE "softsusy"
| #define VERSION "4.1.8"
| /* end confdefs.h.  */
| #include <ac_nonexistent.h>
configure:9603: result: gcc -E
configure:9623: gcc -E  conftest.c
configure:9623: $? = 0
configure:9637: gcc -E  conftest.c
conftest.c:11:10: fatal error: 'ac_nonexistent.h' file not found
#include <ac_nonexistent.h>
         ^~~~~~~~~~~~~~~~~~
1 error generated.
configure:9637: $? = 1
configure: failed program was:
| /* confdefs.h */
| #define PACKAGE_NAME "softsusy"
| #define PACKAGE_TARNAME "softsusy"
| #define PACKAGE_VERSION "4.1.8"
| #define PACKAGE_STRING "softsusy 4.1.8"
| #define PACKAGE_BUGREPORT "B.C.Allanach@damtp.cam.ac.uk"
| #define PACKAGE_URL "http://softsusy.hepforge.org/"
| #define PACKAGE "softsusy"
| #define VERSION "4.1.8"
| /* end confdefs.h.  */
| #include <ac_nonexistent.h>
configure:9666: checking for ANSI C header files
configure:9686: gcc -c -O0 -Wall  conftest.c >&5
configure:9686: $? = 0
configure:9759: gcc -o conftest -O0 -Wall   conftest.c  >&5
configure:9759: $? = 0
configure:9759: ./conftest
configure:9759: $? = 0
configure:9770: result: yes
configure:9783: checking for sys/types.h
configure:9783: gcc -c -O0 -Wall  conftest.c >&5
configure:9783: $? = 0
configure:9783: result: yes
configure:9783: checking for sys/stat.h
configure:9783: gcc -c -O0 -Wall  conftest.c >&5
configure:9783: $? = 0
configure:9783: result: yes
configure:9783: checking for stdlib.h
configure:9783: gcc -c -O0 -Wall  conftest.c >&5
configure:9783: $? = 0
configure:9783: result: yes
configure:9783: checking for string.h
configure:9783: gcc -c -O0 -Wall  conftest.c >&5
configure:9783: $? = 0
configure:9783: result: yes
configure:9783: checking for memory.h
configure:9783: gcc -c -O0 -Wall  conftest.c >&5
configure:9783: $? = 0
configure:9783: result: yes
configure:9783: checking for strings.h
configure:9783: gcc -c -O0 -Wall  conftest.c >&5
configure:9783: $? = 0
configure:9783: result: yes
configure:9783: checking for inttypes.h
configure:9783: gcc -c -O0 -Wall  conftest.c >&5
configure:9783: $? = 0
configure:9783: result: yes
configure:9783: checking for stdint.h
configure:9783: gcc -c -O0 -Wall  conftest.c >&5
configure:9783: $? = 0
configure:9783: result: yes
configure:9783: checking for unistd.h
configure:9783: gcc -c -O0 -Wall  conftest.c >&5
configure:9783: $? = 0
configure:9783: result: yes
configure:9797: checking for dlfcn.h
configure:9797: gcc -c -O0 -Wall  conftest.c >&5
configure:9797: $? = 0
configure:9797: result: yes
configure:10063: checking for objdir
configure:10078: result: .libs
configure:10342: checking if gcc supports -fno-rtti -fno-exceptions
configure:10360: gcc -c -O0 -Wall  -fno-rtti -fno-exceptions conftest.c >&5
configure:10364: $? = 0
configure:10377: result: yes
configure:10735: checking for gcc option to produce PIC
configure:10742: result: -fno-common -DPIC
configure:10750: checking if gcc PIC flag -fno-common -DPIC works
configure:10768: gcc -c -O0 -Wall  -fno-common -DPIC -DPIC conftest.c >&5
configure:10772: $? = 0
configure:10785: result: yes
configure:10814: checking if gcc static flag -static works
configure:10842: result: no
configure:10857: checking if gcc supports -c -o file.o
configure:10878: gcc -c -O0 -Wall  -o out/conftest2.o conftest.c >&5
configure:10882: $? = 0
configure:10904: result: yes
configure:10912: checking if gcc supports -c -o file.o
configure:10959: result: yes
configure:10992: checking whether the gcc linker (/Library/Developer/CommandLineTools/usr/bin/ld) supports shared libraries
configure:12255: result: yes
configure:12495: checking dynamic linker characteristics
configure:13325: result: darwin18.7.0 dyld
configure:13447: checking how to hardcode library paths into programs
configure:13472: result: immediate
configure:14020: checking whether stripping libraries is possible
configure:14034: result: yes
configure:14060: checking if libtool supports shared libraries
configure:14062: result: yes
configure:14065: checking whether to build shared libraries
configure:14090: result: yes
configure:14093: checking whether to build static libraries
configure:14097: result: yes
configure:14120: checking how to run the C++ preprocessor
configure:14147: g++ -E  conftest.cpp
configure:14147: $? = 0
configure:14161: g++ -E  conftest.cpp
conftest.cpp:23:10: fatal error: 'ac_nonexistent.h' file not found
#include <ac_nonexistent.h>
         ^~~~~~~~~~~~~~~~~~
1 error generated.
configure:14161: $? = 1
configure: failed program was:
| /* confdefs.h */
| #define PACKAGE_NAME "softsusy"
| #define PACKAGE_TARNAME "softsusy"
| #define PACKAGE_VERSION "4.1.8"
| #define PACKAGE_STRING "softsusy 4.1.8"
| #define PACKAGE_BUGREPORT "B.C.Allanach@damtp.cam.ac.uk"
| #define PACKAGE_URL "http://softsusy.hepforge.org/"
| #define PACKAGE "softsusy"
| #define VERSION "4.1.8"
| #define STDC_HEADERS 1
| #define HAVE_SYS_TYPES_H 1
| #define HAVE_SYS_STAT_H 1
| #define HAVE_STDLIB_H 1
| #define HAVE_STRING_H 1
| #define HAVE_MEMORY_H 1
| #define HAVE_STRINGS_H 1
| #define HAVE_INTTYPES_H 1
| #define HAVE_STDINT_H 1
| #define HAVE_UNISTD_H 1
| #define HAVE_DLFCN_H 1
| #define LT_OBJDIR ".libs/"
| /* end confdefs.h.  */
| #include <ac_nonexistent.h>
configure:14186: result: g++ -E
configure:14206: g++ -E  conftest.cpp
configure:14206: $? = 0
configure:14220: g++ -E  conftest.cpp
conftest.cpp:23:10: fatal error: 'ac_nonexistent.h' file not found
#include <ac_nonexistent.h>
         ^~~~~~~~~~~~~~~~~~
1 error generated.
configure:14220: $? = 1
configure: failed program was:
| /* confdefs.h */
| #define PACKAGE_NAME "softsusy"
| #define PACKAGE_TARNAME "softsusy"
| #define PACKAGE_VERSION "4.1.8"
| #define PACKAGE_STRING "softsusy 4.1.8"
| #define PACKAGE_BUGREPORT "B.C.Allanach@damtp.cam.ac.uk"
| #define PACKAGE_URL "http://softsusy.hepforge.org/"
| #define PACKAGE "softsusy"
| #define VERSION "4.1.8"
| #define STDC_HEADERS 1
| #define HAVE_SYS_TYPES_H 1
| #define HAVE_SYS_STAT_H 1
| #define HAVE_STDLIB_H 1
| #define HAVE_STRING_H 1
| #define HAVE_MEMORY_H 1
| #define HAVE_STRINGS_H 1
| #define HAVE_INTTYPES_H 1
| #define HAVE_STDINT_H 1
| #define HAVE_UNISTD_H 1
| #define HAVE_DLFCN_H 1
| #define LT_OBJDIR ".libs/"
| /* end confdefs.h.  */
| #include <ac_nonexistent.h>
configure:14382: checking for ld used by g++
configure:14449: result: /Library/Developer/CommandLineTools/usr/bin/ld
configure:14456: checking if the linker (/Library/Developer/CommandLineTools/usr/bin/ld) is GNU ld
configure:14471: result: no
configure:14526: checking whether the g++ linker (/Library/Developer/CommandLineTools/usr/bin/ld) supports shared libraries
configure:15599: result: yes
configure:15635: g++ -c -O2 -std=c++14  conftest.cpp >&5
configure:15638: $? = 0
configure:16119: checking for g++ option to produce PIC
configure:16126: result: -fno-common -DPIC
configure:16134: checking if g++ PIC flag -fno-common -DPIC works
configure:16152: g++ -c -O2 -std=c++14  -fno-common -DPIC -DPIC conftest.cpp >&5
configure:16156: $? = 0
configure:16169: result: yes
configure:16192: checking if g++ static flag -static works
configure:16220: result: no
configure:16232: checking if g++ supports -c -o file.o
configure:16253: g++ -c -O2 -std=c++14  -o out/conftest2.o conftest.cpp >&5
configure:16257: $? = 0
configure:16279: result: yes
configure:16284: checking if g++ supports -c -o file.o
configure:16331: result: yes
configure:16361: checking whether the g++ linker (/Library/Developer/CommandLineTools/usr/bin/ld) supports shared libraries
configure:16404: result: yes
configure:16545: checking dynamic linker characteristics
configure:17302: result: darwin18.7.0 dyld
configure:17367: checking how to hardcode library paths into programs
configure:17392: result: immediate
configure:17533: checking if libtool supports shared libraries
configure:17535: result: yes
configure:17538: checking whether to build shared libraries
configure:17562: result: yes
configure:17565: checking whether to build static libraries
configure:17569: result: yes
configure:17921: checking for gfortran option to produce PIC
configure:17928: result: -fno-common
configure:17936: checking if gfortran PIC flag -fno-common works
configure:17954: gfortran -c -O2 -fno-common conftest.f >&5
configure:17958: $? = 0
configure:17971: result: yes
configure:17994: checking if gfortran static flag -static works
configure:18022: result: no
configure:18034: checking if gfortran supports -c -o file.o
configure:18055: gfortran -c -O2 -o out/conftest2.o conftest.f >&5
configure:18059: $? = 0
configure:18081: result: yes
configure:18086: checking if gfortran supports -c -o file.o
configure:18133: result: yes
configure:18163: checking whether the gfortran linker (/Library/Developer/CommandLineTools/usr/bin/ld) supports shared libraries
configure:19376: result: yes
configure:19517: checking dynamic linker characteristics
configure:20268: result: darwin18.7.0 dyld
configure:20333: checking how to hardcode library paths into programs
configure:20358: result: immediate
configure:20828: checking that generated files are newer than configure
configure:20834: result: done
configure:20881: creating ./config.status

## ---------------------- ##
## Running config.status. ##
## ---------------------- ##

This file was extended by softsusy config.status 4.1.8, which was
generated by GNU Autoconf 2.69.  Invocation command line was

  CONFIG_FILES    = 
  CONFIG_HEADERS  = 
  CONFIG_LINKS    = 
  CONFIG_COMMANDS = 
  $ ./config.status 

on Elliots-Mini

config.status:1208: creating Makefile
config.status:1208: creating Config/config.h
config.status:1437: executing depfiles commands
config.status:1437: executing libtool commands

## ---------------- ##
## Cache variables. ##
## ---------------- ##

ac_cv_build=x86_64-apple-darwin18.7.0
ac_cv_c_compiler_gnu=yes
ac_cv_cxx_compiler_gnu=yes
ac_cv_env_CCC_set=
ac_cv_env_CCC_value=
ac_cv_env_CC_set=
ac_cv_env_CC_value=
ac_cv_env_CFLAGS_set=
ac_cv_env_CFLAGS_value=
ac_cv_env_CPPFLAGS_set=
ac_cv_env_CPPFLAGS_value=
ac_cv_env_CPP_set=
ac_cv_env_CPP_value=
ac_cv_env_CXXCPP_set=
ac_cv_env_CXXCPP_value=
ac_cv_env_CXXFLAGS_set=
ac_cv_env_CXXFLAGS_value=
ac_cv_env_CXX_set=
ac_cv_env_CXX_value=
ac_cv_env_F77_set=set
ac_cv_env_F77_value=gfortran
ac_cv_env_FFLAGS_set=
ac_cv_env_FFLAGS_value=
ac_cv_env_LDFLAGS_set=
ac_cv_env_LDFLAGS_value=
ac_cv_env_LIBS_set=
ac_cv_env_LIBS_value=
ac_cv_env_LT_SYS_LIBRARY_PATH_set=
ac_cv_env_LT_SYS_LIBRARY_PATH_value=
ac_cv_env_build_alias_set=
ac_cv_env_build_alias_value=
ac_cv_env_host_alias_set=
ac_cv_env_host_alias_value=
ac_cv_env_target_alias_set=
ac_cv_env_target_alias_value=
ac_cv_f77_compiler_gnu=yes
ac_cv_f77_libs=' -L/usr/local/Cellar/gcc/9.2.0_3/lib/gcc/9/gcc/x86_64-apple-darwin18/9.2.0 -L/usr/local/Cellar/gcc/9.2.0_3/lib/gcc/9/gcc/x86_64-apple-darwin18/9.2.0/../../.. -lgfortran -lquadmath -lm'
ac_cv_header_dlfcn_h=yes
ac_cv_header_inttypes_h=yes
ac_cv_header_memory_h=yes
ac_cv_header_stdc=yes
ac_cv_header_stdint_h=yes
ac_cv_header_stdlib_h=yes
ac_cv_header_string_h=yes
ac_cv_header_strings_h=yes
ac_cv_header_sys_stat_h=yes
ac_cv_header_sys_types_h=yes
ac_cv_header_unistd_h=yes
ac_cv_host=x86_64-apple-darwin18.7.0
ac_cv_objext=o
ac_cv_path_EGREP='/usr/bin/grep -E'
ac_cv_path_FGREP='/usr/bin/grep -F'
ac_cv_path_GREP=/usr/bin/grep
ac_cv_path_SED=/usr/bin/sed
ac_cv_path_install='/usr/bin/install -c'
ac_cv_path_lt_DD=/bin/dd
ac_cv_prog_AWK=awk
ac_cv_prog_CPP='gcc -E'
ac_cv_prog_CXXCPP='g++ -E'
ac_cv_prog_ac_ct_AR=ar
ac_cv_prog_ac_ct_CC=gcc
ac_cv_prog_ac_ct_CXX=g++
ac_cv_prog_ac_ct_DSYMUTIL=dsymutil
ac_cv_prog_ac_ct_LIPO=lipo
ac_cv_prog_ac_ct_NMEDIT=nmedit
ac_cv_prog_ac_ct_OBJDUMP=objdump
ac_cv_prog_ac_ct_OTOOL=otool
ac_cv_prog_ac_ct_RANLIB=ranlib
ac_cv_prog_ac_ct_STRIP=strip
ac_cv_prog_cc_c89=
ac_cv_prog_cc_g=yes
ac_cv_prog_cxx_g=yes
ac_cv_prog_f77_g=yes
ac_cv_prog_f77_v=-v
ac_cv_prog_make_make_set=yes
am_cv_CC_dependencies_compiler_type=gcc3
am_cv_CXX_dependencies_compiler_type=gcc3
am_cv_ar_interface=ar
am_cv_make_support_nested_variables=yes
am_cv_prog_cc_c_o=yes
lt_cv_apple_cc_single_mod=yes
lt_cv_ar_at_file=no
lt_cv_deplibs_check_method=pass_all
lt_cv_file_magic_cmd='$MAGIC_CMD'
lt_cv_file_magic_test_file=
lt_cv_ld_exported_symbols_list=yes
lt_cv_ld_force_load=yes
lt_cv_ld_reload_flag=-r
lt_cv_nm_interface='BSD nm'
lt_cv_objdir=.libs
lt_cv_path_LD=/Library/Developer/CommandLineTools/usr/bin/ld
lt_cv_path_LDCXX=/Library/Developer/CommandLineTools/usr/bin/ld
lt_cv_path_NM='/usr/bin/nm -B'
lt_cv_path_mainfest_tool=no
lt_cv_prog_compiler_c_o=yes
lt_cv_prog_compiler_c_o_CXX=yes
lt_cv_prog_compiler_c_o_F77=yes
lt_cv_prog_compiler_pic='-fno-common -DPIC'
lt_cv_prog_compiler_pic_CXX='-fno-common -DPIC'
lt_cv_prog_compiler_pic_F77=-fno-common
lt_cv_prog_compiler_pic_works=yes
lt_cv_prog_compiler_pic_works_CXX=yes
lt_cv_prog_compiler_pic_works_F77=yes
lt_cv_prog_compiler_rtti_exceptions=yes
lt_cv_prog_compiler_static_works=no
lt_cv_prog_compiler_static_works_CXX=no
lt_cv_prog_compiler_static_works_F77=no
lt_cv_prog_gnu_ld=no
lt_cv_prog_gnu_ldcxx=no
lt_cv_sharedlib_from_linklib_cmd='printf %s\n'
lt_cv_sys_global_symbol_pipe='sed -n -e '\''s/^.*[	 ]\([BCDEGRST][BCDEGRST]*\)[	 ][	 ]*_\([_A-Za-z][_A-Za-z0-9]*\)$/\1 _\2 \2/p'\'' | sed '\''/ __gnu_lto/d'\'''
lt_cv_sys_global_symbol_to_c_name_address='sed -n -e '\''s/^: \(.*\) .*$/  {"\1", (void *) 0},/p'\'' -e '\''s/^[BCDEGRST][BCDEGRST]* .* \(.*\)$/  {"\1", (void *) \&\1},/p'\'''
lt_cv_sys_global_symbol_to_c_name_address_lib_prefix='sed -n -e '\''s/^: \(.*\) .*$/  {"\1", (void *) 0},/p'\'' -e '\''s/^[BCDEGRST][BCDEGRST]* .* \(lib.*\)$/  {"\1", (void *) \&\1},/p'\'' -e '\''s/^[BCDEGRST][BCDEGRST]* .* \(.*\)$/  {"lib\1", (void *) \&\1},/p'\'''
lt_cv_sys_global_symbol_to_cdecl='sed -n -e '\''s/^T .* \(.*\)$/extern int \1();/p'\'' -e '\''s/^[BCDEGRST][BCDEGRST]* .* \(.*\)$/extern char \1;/p'\'''
lt_cv_sys_global_symbol_to_import=
lt_cv_sys_max_cmd_len=196608
lt_cv_to_host_file_cmd=func_convert_file_noop
lt_cv_to_tool_file_cmd=func_convert_file_noop
lt_cv_truncate_bin='/bin/dd bs=4096 count=1'

## ----------------- ##
## Output variables. ##
## ----------------- ##

ACLOCAL='${SHELL} /Users/elliotleonard/depot/softsusy_foo/Config/missing aclocal-1.15'
AMDEPBACKSLASH='\'
AMDEP_FALSE='#'
AMDEP_TRUE=''
AMTAR='$${TAR-tar}'
AM_BACKSLASH='\'
AM_DEFAULT_V='$(AM_DEFAULT_VERBOSITY)'
AM_DEFAULT_VERBOSITY='1'
AM_V='$(V)'
AR='ar'
AUTOCONF='${SHELL} /Users/elliotleonard/depot/softsusy_foo/Config/missing autoconf'
AUTOHEADER='${SHELL} /Users/elliotleonard/depot/softsusy_foo/Config/missing autoheader'
AUTOMAKE='${SHELL} /Users/elliotleonard/depot/softsusy_foo/Config/missing automake-1.15'
AWK='awk'
CC='gcc'
CCDEPMODE='depmode=gcc3'
CFLAGS='-O0 -Wall'
COMPILE_TWO_LOOP_GAUGE_YUKAWA_FALSE=''
COMPILE_TWO_LOOP_GAUGE_YUKAWA_TRUE='#'
CPP='gcc -E'
CPPFLAGS=''
CXX='g++'
CXXCPP='g++ -E'
CXXDEPMODE='depmode=gcc3'
CXXFLAGS='-O2 -std=c++14'
CYGPATH_W='echo'
DEFS='-DHAVE_CONFIG_H'
DEPDIR='.deps'
DLLTOOL='false'
DSYMUTIL='dsymutil'
DUMPBIN=''
ECHO_C='\c'
ECHO_N=''
ECHO_T=''
EGREP='/usr/bin/grep -E'
ENABLE_GSL_FALSE=''
ENABLE_GSL_TRUE='#'
ENABLE_HIMALAYA_FALSE=''
ENABLE_HIMALAYA_TRUE='#'
EXEEXT=''
F77='gfortran'
FFLAGS='-O2'
FGREP='/usr/bin/grep -F'
FLIBS=' -L/usr/local/Cellar/gcc/9.2.0_3/lib/gcc/9/gcc/x86_64-apple-darwin18/9.2.0 -L/usr/local/Cellar/gcc/9.2.0_3/lib/gcc/9/gcc/x86_64-apple-darwin18/9.2.0/../../.. -lgfortran -lquadmath -lm'
GREP='/usr/bin/grep'
INSTALL_DATA='${INSTALL} -m 644'
INSTALL_PROGRAM='${INSTALL}'
INSTALL_SCRIPT='${INSTALL}'
INSTALL_STRIP_PROGRAM='$(install_sh) -c -s'
LD='/Library/Developer/CommandLineTools/usr/bin/ld'
LDFLAGS=''
LIBOBJS=''
LIBS=''
LIBTOOL='$(SHELL) $(top_builddir)/libtool'
LIPO='lipo'
LN_S='ln -s'
LOOPTOOLS_FALSE=''
LOOPTOOLS_TRUE='#'
LTLIBOBJS=''
LT_SYS_LIBRARY_PATH=''
MAKEINFO='${SHELL} /Users/elliotleonard/depot/softsusy_foo/Config/missing makeinfo'
MANIFEST_TOOL=':'
MKDIR_P='Config/install-sh -c -d'
NM='/usr/bin/nm -B'
NMEDIT='nmedit'
OBJDUMP='objdump'
OBJEXT='o'
OTOOL64=':'
OTOOL='otool'
PACKAGE='softsusy'
PACKAGE_BUGREPORT='B.C.Allanach@damtp.cam.ac.uk'
PACKAGE_NAME='softsusy'
PACKAGE_STRING='softsusy 4.1.8'
PACKAGE_TARNAME='softsusy'
PACKAGE_URL='http://softsusy.hepforge.org/'
PACKAGE_VERSION='4.1.8'
PATH_SEPARATOR=':'
RANLIB='ranlib'
SED='/usr/bin/sed'
SET_MAKE=''
SHELL='/bin/sh'
STRIP='strip'
VERSION='4.1.8'
ac_ct_AR='ar'
ac_ct_CC='gcc'
ac_ct_CXX='g++'
ac_ct_DUMPBIN=''
ac_ct_F77=''
am__EXEEXT_FALSE=''
am__EXEEXT_TRUE='#'
am__fastdepCC_FALSE='#'
am__fastdepCC_TRUE=''
am__fastdepCXX_FALSE='#'
am__fastdepCXX_TRUE=''
am__include='include'
am__isrc=''
am__leading_dot='.'
am__nodep='_no'
am__quote=''
am__tar='$${TAR-tar} chof - "$$tardir"'
am__untar='$${TAR-tar} xf -'
bindir='${exec_prefix}/bin'
build='x86_64-apple-darwin18.7.0'
build_alias=''
build_cpu='x86_64'
build_os='darwin18.7.0'
build_vendor='apple'
datadir='${datarootdir}'
datarootdir='${prefix}/share'
docdir='${datarootdir}/doc/${PACKAGE_TARNAME}'
dvidir='${docdir}'
exec_prefix='${prefix}'
host='x86_64-apple-darwin18.7.0'
host_alias=''
host_cpu='x86_64'
host_os='darwin18.7.0'
host_vendor='apple'
htmldir='${docdir}'
includedir='${prefix}/include'
infodir='${datarootdir}/info'
install_sh='${SHELL} /Users/elliotleonard/depot/softsusy_foo/Config/install-sh'
libdir='${exec_prefix}/lib'
libexecdir='${exec_prefix}/libexec'
localedir='${datarootdir}/locale'
localstatedir='${prefix}/var'
mandir='${datarootdir}/man'
mkdir_p='$(MKDIR_P)'
oldincludedir='/usr/include'
pdfdir='${docdir}'
prefix='/usr/local'
program_transform_name='s,x,x,'
psdir='${docdir}'
runstatedir='${localstatedir}/run'
sbindir='${exec_prefix}/sbin'
sharedstatedir='${prefix}/com'
sysconfdir='${prefix}/etc'
target_alias=''

## ----------- ##
## confdefs.h. ##
## ----------- ##

/* confdefs.h */
#define PACKAGE_NAME "softsusy"
#define PACKAGE_TARNAME "softsusy"
#define PACKAGE_VERSION "4.1.8"
#define PACKAGE_STRING "softsusy 4.1.8"
#define PACKAGE_BUGREPORT "B.C.Allanach@damtp.cam.ac.uk"
#define PACKAGE_URL "http://softsusy.hepforge.org/"
#define PACKAGE "softsusy"
#define VERSION "4.1.8"
#define STDC_HEADERS 1
#define HAVE_SYS_TYPES_H 1
#define HAVE_SYS_STAT_H 1
#define HAVE_STDLIB_H 1
#define HAVE_STRING_H 1
#define HAVE_MEMORY_H 1
#define HAVE_STRINGS_H 1
#define HAVE_INTTYPES_H 1
#define HAVE_STDINT_H 1
#define HAVE_UNISTD_H 1
#define HAVE_DLFCN_H 1
#define LT_OBJDIR ".libs/"

configure: exit 0
